<?xml version="1.0" encoding="UTF-8"?>
<testng-results ignored="0" total="1" passed="1" failed="0" skipped="0">
  <reporter-output>
  </reporter-output>
  <suite started-at="2021-06-28T02:51:44 EDT" name="Default suite" finished-at="2021-06-28T02:52:22 EDT" duration-ms="37421">
    <groups>
    </groups>
    <test started-at="2021-06-28T02:51:44 EDT" name="Default test" finished-at="2021-06-28T02:52:22 EDT" duration-ms="37421">
      <class name="LoginTest">
        <test-method signature="dologin()[pri:0, instance:LoginTest@6c130c45]" started-at="2021-06-28T02:51:44 EDT" name="dologin" finished-at="2021-06-28T02:52:22 EDT" duration-ms="37372" status="PASS">
          <reporter-output>
          </reporter-output>
        </test-method> <!-- dologin -->
      </class> <!-- LoginTest -->
    </test> <!-- Default test -->
  </suite> <!-- Default suite -->
</testng-results>
