<?xml version="1.0" encoding="UTF-8"?>
<testng-results ignored="0" total="2" passed="2" failed="0" skipped="0">
  <reporter-output>
  </reporter-output>
  <suite started-at="2021-07-01T04:00:26 EDT" name="Default suite" finished-at="2021-07-01T04:00:29 EDT" duration-ms="2344">
    <groups>
      <group name="cucumber">
        <method signature="AbstractTestNGCucumberTests.runScenario(io.cucumber.testng.PickleWrapper, io.cucumber.testng.FeatureWrapper)[pri:0, instance:zoho.runner.MyRunner@6c779568]" name="runScenario" class="io.cucumber.testng.AbstractTestNGCucumberTests"/>
      </group> <!-- cucumber -->
    </groups>
    <test started-at="2021-07-01T04:00:26 EDT" name="Default test" finished-at="2021-07-01T04:00:29 EDT" duration-ms="2344">
      <class name="zoho.runner.MyRunner">
        <test-method is-config="true" signature="setUpClass()[pri:0, instance:zoho.runner.MyRunner@6c779568]" started-at="2021-07-01T04:00:26 EDT" name="setUpClass" finished-at="2021-07-01T04:00:27 EDT" duration-ms="782" status="PASS">
          <reporter-output>
          </reporter-output>
        </test-method> <!-- setUpClass -->
        <test-method signature="runScenario(io.cucumber.testng.PickleWrapper, io.cucumber.testng.FeatureWrapper)[pri:0, instance:zoho.runner.MyRunner@6c779568]" started-at="2021-07-01T04:00:27 EDT" name="runScenario" description="Runs Cucumber Scenarios" data-provider="scenarios" finished-at="2021-07-01T04:00:28 EDT" duration-ms="468" status="PASS">
          <params>
            <param index="0">
              <value>
                <![CDATA["Creation of a Lead"]]>
              </value>
            </param>
            <param index="1">
              <value>
                <![CDATA["Optional[Managing Leads]"]]>
              </value>
            </param>
          </params>
          <reporter-output>
          </reporter-output>
        </test-method> <!-- runScenario -->
        <test-method signature="runScenario(io.cucumber.testng.PickleWrapper, io.cucumber.testng.FeatureWrapper)[pri:0, instance:zoho.runner.MyRunner@6c779568]" started-at="2021-07-01T04:00:28 EDT" name="runScenario" description="Runs Cucumber Scenarios" data-provider="scenarios" finished-at="2021-07-01T04:00:28 EDT" duration-ms="17" status="PASS">
          <params>
            <param index="0">
              <value>
                <![CDATA["Creation of a Lead"]]>
              </value>
            </param>
            <param index="1">
              <value>
                <![CDATA["Optional[Managing Leads]"]]>
              </value>
            </param>
          </params>
          <reporter-output>
          </reporter-output>
        </test-method> <!-- runScenario -->
        <test-method is-config="true" signature="tearDownClass()[pri:0, instance:zoho.runner.MyRunner@6c779568]" started-at="2021-07-01T04:00:28 EDT" name="tearDownClass" finished-at="2021-07-01T04:00:29 EDT" duration-ms="1024" status="PASS">
          <reporter-output>
          </reporter-output>
        </test-method> <!-- tearDownClass -->
      </class> <!-- zoho.runner.MyRunner -->
    </test> <!-- Default test -->
  </suite> <!-- Default suite -->
</testng-results>
